  Main.cpp
C:\Users\KunwooKim\Desktop\2022-1_FormalLanguage\NFAtoDFA\NFAtoDFA\Transition_Reduced_DFA.h(3,10): warning C4067: 전처리기 지시문 다음에 예기치 않은 토큰이 있습니다. 줄 바꿈 문자가 필요합니다.
  NFAtoDFA.cpp
C:\Users\KunwooKim\Desktop\2022-1_FormalLanguage\NFAtoDFA\NFAtoDFA\Transition_Reduced_DFA.h(3,10): warning C4067: 전처리기 지시문 다음에 예기치 않은 토큰이 있습니다. 줄 바꿈 문자가 필요합니다.
C:\Users\KunwooKim\Desktop\2022-1_FormalLanguage\NFAtoDFA\NFAtoDFA\NFAtoDFA.cpp(84,24): warning C4018: '<': signed 또는 unsigned가 일치하지 않습니다.
C:\Users\KunwooKim\Desktop\2022-1_FormalLanguage\NFAtoDFA\NFAtoDFA\NFAtoDFA.cpp(105,24): warning C4018: '<': signed 또는 unsigned가 일치하지 않습니다.
C:\Users\KunwooKim\Desktop\2022-1_FormalLanguage\NFAtoDFA\NFAtoDFA\NFAtoDFA.cpp(117,20): warning C4018: '<': signed 또는 unsigned가 일치하지 않습니다.
C:\Users\KunwooKim\Desktop\2022-1_FormalLanguage\NFAtoDFA\NFAtoDFA\NFAtoDFA.cpp(134,20): warning C4018: '<': signed 또는 unsigned가 일치하지 않습니다.
C:\Users\KunwooKim\Desktop\2022-1_FormalLanguage\NFAtoDFA\NFAtoDFA\NFAtoDFA.cpp(157,20): warning C4018: '<': signed 또는 unsigned가 일치하지 않습니다.
C:\Users\KunwooKim\Desktop\2022-1_FormalLanguage\NFAtoDFA\NFAtoDFA\NFAtoDFA.cpp(159,21): warning C4018: '<': signed 또는 unsigned가 일치하지 않습니다.
C:\Users\KunwooKim\Desktop\2022-1_FormalLanguage\NFAtoDFA\NFAtoDFA\NFAtoDFA.cpp(193,25): warning C4018: '<': signed 또는 unsigned가 일치하지 않습니다.
C:\Users\KunwooKim\Desktop\2022-1_FormalLanguage\NFAtoDFA\NFAtoDFA\NFAtoDFA.cpp(209,20): warning C4018: '<': signed 또는 unsigned가 일치하지 않습니다.
C:\Users\KunwooKim\Desktop\2022-1_FormalLanguage\NFAtoDFA\NFAtoDFA\NFAtoDFA.cpp(226,21): warning C4018: '<': signed 또는 unsigned가 일치하지 않습니다.
C:\Users\KunwooKim\Desktop\2022-1_FormalLanguage\NFAtoDFA\NFAtoDFA\NFAtoDFA.cpp(240,20): warning C4018: '<': signed 또는 unsigned가 일치하지 않습니다.
C:\Users\KunwooKim\Desktop\2022-1_FormalLanguage\NFAtoDFA\NFAtoDFA\NFAtoDFA.cpp(245,20): warning C4018: '<': signed 또는 unsigned가 일치하지 않습니다.
C:\Users\KunwooKim\Desktop\2022-1_FormalLanguage\NFAtoDFA\NFAtoDFA\NFAtoDFA.cpp(252,20): warning C4018: '<': signed 또는 unsigned가 일치하지 않습니다.
C:\Users\KunwooKim\Desktop\2022-1_FormalLanguage\NFAtoDFA\NFAtoDFA\NFAtoDFA.cpp(263,20): warning C4018: '<': signed 또는 unsigned가 일치하지 않습니다.
  Transition_DFA.cpp
  Transition_NFA.cpp
  Transition_Reduced_DFA.cpp
C:\Users\KunwooKim\Desktop\2022-1_FormalLanguage\NFAtoDFA\NFAtoDFA\Transition_Reduced_DFA.h(3,10): warning C4067: 전처리기 지시문 다음에 예기치 않은 토큰이 있습니다. 줄 바꿈 문자가 필요합니다.
C:\Users\KunwooKim\Desktop\2022-1_FormalLanguage\NFAtoDFA\NFAtoDFA\Transition_Reduced_DFA.cpp(12,20): warning C4018: '<': signed 또는 unsigned가 일치하지 않습니다.
  Variables.cpp
  코드를 생성하고 있습니다...
C:\Users\KunwooKim\Desktop\2022-1_FormalLanguage\NFAtoDFA\NFAtoDFA\NFAtoDFA.cpp(124): warning C4715: 'GroupNumber': 모든 제어 경로에서 값을 반환하지는 않습니다.
  NFAtoDFA.vcxproj -> C:\Users\KunwooKim\Desktop\2022-1_FormalLanguage\NFAtoDFA\Debug\NFAtoDFA.exe
